[ERREUR 8 - 26/04/2017 12:28:54]: 
	Undefined variable: leBateau
	IN /opt/lampp/htdocs/SIO2/SLAM5/Oceanix/view/v-listetraversees.php ligne: 35
[ERREUR 8 - 26/04/2017 13:42:24]: 
	Undefined variable: status
	IN /opt/lampp/htdocs/SIO2/SLAM5/Oceanix/index.php ligne: 85
[ERREUR 8 - 26/04/2017 13:48:52]: 
	Undefined variable: status
	IN /opt/lampp/htdocs/SIO2/SLAM5/Oceanix/index.php ligne: 85
[ERREUR 8 - 26/04/2017 13:49:01]: 
	Undefined variable: status
	IN /opt/lampp/htdocs/SIO2/SLAM5/Oceanix/index.php ligne: 85
[ERREUR 8 - 26/04/2017 14:03:26]: 
	Undefined index: name
	IN /opt/lampp/htdocs/SIO2/SLAM5/Oceanix/controller/a-traiterreservation.php ligne: 23
[ERREUR 8 - 26/04/2017 14:04:37]: 
	Undefined index: name
	IN /opt/lampp/htdocs/SIO2/SLAM5/Oceanix/controller/a-traiterreservation.php ligne: 23
[ERREUR 8 - 26/04/2017 14:06:10]: 
	Undefined index: name
	IN /opt/lampp/htdocs/SIO2/SLAM5/Oceanix/controller/a-traiterreservation.php ligne: 23
[ERREUR 8 - 26/04/2017 14:07:34]: 
	Undefined index: name
	IN /opt/lampp/htdocs/SIO2/SLAM5/Oceanix/controller/a-traiterreservation.php ligne: 23
[ERREUR 2 - 26/04/2017 14:09:43]: 
	include(html/header.html): failed to open stream: No such file or directory
	IN /opt/lampp/htdocs/SIO2/SLAM5/Oceanix/view/v-erreur_connexion.php ligne: 12
[ERREUR 8 - 26/04/2017 14:10:00]: 
	Undefined variable: status
	IN /opt/lampp/htdocs/SIO2/SLAM5/Oceanix/index.php ligne: 85
[ERREUR 8 - 26/04/2017 14:10:03]: 
	Undefined variable: status
	IN /opt/lampp/htdocs/SIO2/SLAM5/Oceanix/index.php ligne: 85
[ERREUR 2 - 26/04/2017 14:10:06]: 
	include(html/header.html): failed to open stream: No such file or directory
	IN /opt/lampp/htdocs/SIO2/SLAM5/Oceanix/view/v-erreur_connexion.php ligne: 12
[ERREUR 8 - 26/04/2017 14:18:23]: 
	Undefined variable: status
	IN /opt/lampp/htdocs/SIO2/SLAM5/Oceanix/index.php ligne: 85
[ERREUR 8 - 26/04/2017 14:28:50]: 
	Undefined variable: status
	IN /opt/lampp/htdocs/SIO2/SLAM5/Oceanix/index.php ligne: 85
[ERREUR 8 - 26/04/2017 14:28:53]: 
	Undefined variable: status
	IN /opt/lampp/htdocs/SIO2/SLAM5/Oceanix/index.php ligne: 85
[ERREUR 8 - 26/04/2017 14:29:50]: 
	Undefined variable: status
	IN /opt/lampp/htdocs/SIO2/SLAM5/Oceanix/index.php ligne: 85
